<?xml version="1.0" encoding="UTF-8"?>
<!-- Generated by org.testng.reporters.JUnitReportReporter -->
<testsuite hostname="DESKTOP-E29FVJN" failures="0" tests="2" name="TestLayer.cogmentoTest" time="0.040" errors="0" timestamp="2024-07-19T16:17:49 IST" skipped="0">
  <testcase classname="TestLayer.cogmentoTest" name="login" time="0.011"/>
  <system-out/>
  <testcase classname="TestLayer.cogmentoTest" name="contctpage" time="0.029"/>
  <system-out/>
</testsuite> <!-- TestLayer.cogmentoTest -->
